Array
(
    [SHOW_VIEW_TEMPLATES] => Y
    [IBLOCK_TYPE] => catalog
    [IBLOCK_ID] => 5
    [ELEMENT_SORT_FIELD] => sort
    [ELEMENT_SORT_ORDER] => asc
    [ELEMENT_SORT_FIELD2] => id
    [ELEMENT_SORT_ORDER2] => desc
    [PROPERTY_CODE] => Array
        (
            [0] => ARTNUMBER
            [1] => MANUFACTURER
            [2] => 
        )

    [PROPERTY_CODE_MOBILE] => 
    [META_KEYWORDS] => -
    [META_DESCRIPTION] => -
    [BROWSER_TITLE] => -
    [SET_LAST_MODIFIED] => Y
    [INCLUDE_SUBSECTIONS] => Y
    [BASKET_URL] => /personal/cart/
    [ACTION_VARIABLE] => action
    [PRODUCT_ID_VARIABLE] => id
    [SECTION_ID_VARIABLE] => SECTION_ID
    [PRODUCT_QUANTITY_VARIABLE] => quantity
    [PRODUCT_PROPS_VARIABLE] => prop
    [FILTER_NAME] => arrFilter
    [CACHE_TYPE] => N
    [CACHE_TIME] => 36000000
    [CACHE_FILTER] => Y
    [CACHE_GROUPS] => Y
    [SET_TITLE] => Y
    [MESSAGE_404] => 
    [SET_STATUS_404] => Y
    [SHOW_404] => Y
    [FILE_404] => 
    [DISPLAY_COMPARE] => N
    [PAGE_ELEMENT_COUNT] => 10
    [LINE_ELEMENT_COUNT] => 3
    [PRICE_CODE] => Array
        (
            [0] => Вид цены для сайта в RUR
        )

    [USE_PRICE_COUNT] => Y
    [SHOW_PRICE_COUNT] => 1
    [PRICE_VAT_INCLUDE] => Y
    [USE_PRODUCT_QUANTITY] => Y
    [ADD_PROPERTIES_TO_BASKET] => N
    [PARTIAL_PRODUCT_PROPERTIES] => N
    [PRODUCT_PROPERTIES] => 
    [DISPLAY_TOP_PAGER] => N
    [DISPLAY_BOTTOM_PAGER] => Y
    [PAGER_TITLE] => Товары
    [PAGER_SHOW_ALWAYS] => N
    [PAGER_TEMPLATE] => b2bportal
    [PAGER_DESC_NUMBERING] => N
    [PAGER_DESC_NUMBERING_CACHE_TIME] => 36000
    [PAGER_SHOW_ALL] => N
    [PAGER_BASE_LINK_ENABLE] => N
    [PAGER_BASE_LINK] => 
    [PAGER_PARAMS_NAME] => 
    [LAZY_LOAD] => N
    [MESS_BTN_LAZY_LOAD] => 
    [LOAD_ON_SCROLL] => N
    [OFFERS_CART_PROPERTIES] => 
    [OFFERS_FIELD_CODE] => Array
        (
            [0] => NAME
            [1] => 
        )

    [OFFERS_PROPERTY_CODE] => Array
        (
            [0] => ARTNUMBER
            [1] => COLOR_REF
            [2] => SIZES_SHOES
            [3] => SIZES_CLOTHES
            [4] => 
        )

    [OFFERS_SORT_FIELD] => sort
    [OFFERS_SORT_ORDER] => asc
    [OFFERS_SORT_FIELD2] => id
    [OFFERS_SORT_ORDER2] => desc
    [OFFERS_LIMIT] => 0
    [SECTION_ID] => 172
    [SECTION_CODE] => kip_i_polevoe_oborudovanie
    [SECTION_URL] => /catalog/#SECTION_CODE_PATH#/
    [DETAIL_URL] => /catalog/#SECTION_CODE_PATH#/#ELEMENT_CODE#/
    [USE_MAIN_ELEMENT_SECTION] => Y
    [CONVERT_CURRENCY] => Y
    [CURRENCY_ID] => RUB
    [HIDE_NOT_AVAILABLE] => N
    [HIDE_NOT_AVAILABLE_OFFERS] => N
    [LABEL_PROP] => Array
        (
            [0] => NEWPRODUCT
            [1] => SALELEADER
            [2] => SPECIALOFFER
        )

    [ADD_PICT_PROP] => -
    [PRODUCT_DISPLAY_MODE] => Y
    [PRODUCT_BLOCKS_ORDER] => 
    [PRODUCT_ROW_VARIANTS] => 
    [ENLARGE_PRODUCT] => 
    [ENLARGE_PROP] => 
    [SHOW_SLIDER] => 
    [SLIDER_INTERVAL] => 
    [SLIDER_PROGRESS] => 
    [OFFER_ADD_PICT_PROP] => -
    [OFFER_TREE_PROPS] => Array
        (
            [0] => CML2_MANUFACTURER
        )

    [PRODUCT_SUBSCRIPTION] => Y
    [SHOW_DISCOUNT_PERCENT] => N
    [DISCOUNT_PERCENT_POSITION] => 
    [SHOW_OLD_PRICE] => N
    [SHOW_MAX_QUANTITY] => Y
    [MESS_SHOW_MAX_QUANTITY] => 
    [MAX_QUANTITY] => 500
    [RELATIVE_QUANTITY_FACTOR] => 100
    [MESS_RELATIVE_QUANTITY_MANY] => есть
    [MESS_RELATIVE_QUANTITY_FEW] => мало
    [MESS_BTN_BUY] => Купить
    [MESS_BTN_ADD_TO_BASKET] => В корзину
    [MESS_BTN_SUBSCRIBE] => Подписаться
    [MESS_BTN_DETAIL] => Подробнее
    [MESS_NOT_AVAILABLE] => Нет в наличии
    [MESS_BTN_COMPARE] => Сравнение
    [USE_ENHANCED_ECOMMERCE] => N
    [DATA_LAYER_NAME] => 
    [BRAND_PROPERTY] => 
    [TEMPLATE_THEME] => 
    [ADD_SECTIONS_CHAIN] => Y
    [ADD_TO_BASKET_ACTION] => ADD
    [SHOW_CLOSE_POPUP] => 
    [COMPARE_PATH] => /catalog/compare.php?action=#ACTION_CODE#
    [COMPARE_NAME] => CATALOG_COMPARE_LIST
    [USE_COMPARE_LIST] => Y
    [BACKGROUND_IMAGE] => -
    [COMPATIBLE_MODE] => N
    [DISABLE_INIT_JS_IN_COMPONENT] => N
    [HIDE_SECTION_NAME] => N
    [FILL_ITEM_ALL_PRICES] => Y
    [SHOW_ARTNUMBER] => Y
    [ARTNUMBER_PROP] => ARTNUMBER
    [OFFER_ARTNUMBER_PROP] => 
    [FIELD_CODE] => Array
        (
            [0] => ID
            [1] => NAME
            [2] => PREVIEW_PICTURE
            [3] => 
        )

    [SECTION_ADD_TO_BASKET_ACTION] => ADD
    [BY_LINK] => 
    [ALLOW_WO_SECTION] => 
    [HIDE_DETAIL_LINKS] => 
    [RETURN_IF_EMPTY] => 
    [BLOCK_TITLE] => 
    [PROP_CODE_BRAND] => MANUFACTURER
    [PROP_CODE_ARTICLE] => ARTNUMBER
    [OFFERS_PROP_CODE_ARTICLE] => ARTNUMBER
    [ENABLE_PREVIEW_PICTURE] => Y
    [PREVIEW_PICTURE_SWITCHER] => Y
    [USE_STORE] => Y
    [STORES] => Array
        (
            [0] => 13
            [1] => 14
            [2] => 1
            [3] => 2
            [4] => 100
            [5] => 
        )

    [ADD_PREVIEW_THUMBNAIL] => Y
    [PREVIEW_THUMBNAIL_WIDTH] => 60
    [PREVIEW_THUMBNAIL_HEIGHT] => 60
    [USE_EXPORT] => Y
    [EXPORT_ACTION_VARIABLE] => export
    [EXPORT_TYPES] => Array
        (
            [0] => xlsx
            [1] => csv
            [2] => ods
        )

    [STORAGE_PREFIX] => catalog
    [SORT_FIELDS] => Array
        (
            [0] => name
            [1] => catalog_price_scale_1
            [2] => catalog_price_scale_2
        )

    [SORT_DEFAULT_FIELD] => name
    [SORT_DEFAULT_ORDER] => asc
    [PERPAGE_FIELDS] => Array
        (
            [0] => 10
            [1] => 15
            [2] => 25
            [3] => 100
            [4] => 
        )

    [PERPAGE_DEFAULT] => 10
    [LABEL_PROP_MODIFIER_NEWPRODUCT] => primary
    [LABEL_PROP_MODIFIER_SALELEADER] => danger
    [LABEL_PROP_MODIFIER_SPECIALOFFER] => success
)
