Array
(
    [ID] => 1
    [TIMESTAMP_X] => 2023-07-04 10:59:35
    [LOGIN] => admin
    [PASSWORD] => $6$uJH75gsmpW1OIfvA$i2zJFjnAllq4JSzaVG7BwK.3HArDmhPSWpCxs2XNoMwZb6g.gP/hwJMfdyuzzrywj9amC0EpaFHWcFQ9XoDZO.
    [CHECKWORD] => $6$jhbKqpGN0SU8CteG$JM2yg1WlG3.lh//dr2pEoTW.8F4DV4k/IamP/qHTR64XBsI8vHdH3AF7cmpDHL6N/7jNAYR8QNZhKynxaoakt/
    [ACTIVE] => Y
    [NAME] => 
    [LAST_NAME] => 
    [EMAIL] => rais.m88@gmail.com
    [LAST_LOGIN] => 2023-07-18 14:10:09
    [DATE_REGISTER] => 2023-04-12 18:58:35
    [LID] => s1
    [PERSONAL_PROFESSION] => 
    [PERSONAL_WWW] => 
    [PERSONAL_ICQ] => 
    [PERSONAL_GENDER] => 
    [PERSONAL_BIRTHDATE] => 
    [PERSONAL_PHOTO] => 
    [PERSONAL_PHONE] => +7 (999) 999-99-99
    [PERSONAL_FAX] => 
    [PERSONAL_MOBILE] => 
    [PERSONAL_PAGER] => 
    [PERSONAL_STREET] => 
    [PERSONAL_MAILBOX] => 
    [PERSONAL_CITY] => 
    [PERSONAL_STATE] => 
    [PERSONAL_ZIP] => 
    [PERSONAL_COUNTRY] => 0
    [PERSONAL_NOTES] => 
    [WORK_COMPANY] => 
    [WORK_DEPARTMENT] => 
    [WORK_POSITION] => 
    [WORK_WWW] => 
    [WORK_PHONE] => 
    [WORK_FAX] => 
    [WORK_PAGER] => 
    [WORK_STREET] => 
    [WORK_MAILBOX] => 
    [WORK_CITY] => 
    [WORK_STATE] => 
    [WORK_ZIP] => 
    [WORK_COUNTRY] => 0
    [WORK_PROFILE] => 
    [WORK_LOGO] => 
    [WORK_NOTES] => 
    [ADMIN_NOTES] => 
    [STORED_HASH] => 
    [XML_ID] => 1#admin#  
    [PERSONAL_BIRTHDAY] => 
    [EXTERNAL_AUTH_ID] => 
    [CHECKWORD_TIME] => 2023-07-13 13:59:48
    [SECOND_NAME] => 
    [CONFIRM_CODE] => 
    [LOGIN_ATTEMPTS] => 0
    [LAST_ACTIVITY_DATE] => 2023-07-05 15:25:58
    [AUTO_TIME_ZONE] => 
    [TIME_ZONE] => 
    [TIME_ZONE_OFFSET] => 
    [TITLE] => 
    [BX_USER_ID] => 1ed1d91dc06159ccff93a8192053b595
    [LANGUAGE_ID] => ru
    [BLOCKED] => N
    [PASSWORD_EXPIRED] => N
)
